<?xml version="1.0" encoding="UTF-8"?>
<!-- Generated by org.testng.reporters.JUnitReportReporter -->
<testsuite hostname="DESKTOP-RTH7PMT" failures="0" tests="31" name="ServerAdministration.ServerPermissions" time="272.987" errors="1" timestamp="2021-10-25T15:07:39 PKT" skipped="0">
  <testcase classname="ServerAdministration.ServerPermissions" name="verifyDefaultPermissionGroup" time="10.156"/>
  <system-out/>
  <testcase classname="ServerAdministration.ServerPermissions" name="verifyDeleteDefaultPermissionGroup" time="7.504"/>
  <system-out/>
  <testcase classname="ServerAdministration.ServerPermissions" name="verifyEditDefaultPermissionGroup" time="7.967"/>
  <system-out/>
  <testcase classname="ServerAdministration.ServerPermissions" name="verifyViewDefaultPermissionGroup" time="8.620"/>
  <system-out/>
  <testcase classname="ServerAdministration.ServerPermissions" name="verifyCopyDefaultPermissionGroup" time="17.024"/>
  <system-out/>
  <testcase classname="ServerAdministration.ServerPermissions" name="verifyAllPermissionsexceptFourEyePrinciple" time="11.886"/>
  <system-out/>
  <testcase classname="ServerAdministration.ServerPermissions" name="verifyAddNewPermissionGroupwithDescription" time="7.621"/>
  <system-out/>
  <testcase classname="ServerAdministration.ServerPermissions" name="verifyAddNewPermissionGroup" time="8.743"/>
  <system-out/>
  <testcase classname="ServerAdministration.ServerPermissions" name="verifyDeletePermissionGroupotherthanDefaultassignedtoUser" time="13.000"/>
  <system-out/>
  <testcase classname="ServerAdministration.ServerPermissions" name="verifyAddNewPermissionGroupwithoutGroupName" time="8.160"/>
  <system-out/>
  <testcase classname="ServerAdministration.ServerPermissions" name="verifyAddNewPermissionGroupwithSpecialCharacters" time="8.100"/>
  <system-out/>
  <testcase classname="ServerAdministration.ServerPermissions" name="verifyAddNewPermissionGroupwithLength50" time="8.010"/>
  <system-out/>
  <testcase classname="ServerAdministration.ServerPermissions" name="verifyAddNewPermissionGroupwithmaxLength" time="9.734"/>
  <system-out/>
  <testcase classname="ServerAdministration.ServerPermissions" name="verifyDeletePermissionGroup" time="13.559"/>
  <system-out/>
  <testcase classname="ServerAdministration.ServerPermissions" name="verifyPermissionforUserinGroups" time="9.827"/>
  <system-out/>
  <testcase classname="ServerAdministration.ServerPermissions" name="verifyEnablePermissioncbEnabledwhenViewUsersnotenabled" time="10.414"/>
  <system-out/>
  <testcase classname="ServerAdministration.ServerPermissions" name="verifyPermissionforNodesinGroup" time="10.289"/>
  <system-out/>
  <testcase classname="ServerAdministration.ServerPermissions" name="verifyPermissionforPacketizerinGroup" time="3.467"/>
  <system-out/>
  <testcase classname="ServerAdministration.ServerPermissions" name="verifyPermissionforSIPTrunkinGroup" time="14.114"/>
  <system-out/>
  <testcase classname="ServerAdministration.ServerPermissions" name="verifyPermissionforTrunkinGroup" time="2.671"/>
  <system-out/>
  <testcase classname="ServerAdministration.ServerPermissions" name="verifyPermissionforBoardinGroup" time="9.559"/>
  <system-out/>
  <testcase classname="ServerAdministration.ServerPermissions" name="verifyPermissionforEquipmentinGroup" time="2.068"/>
  <system-out/>
  <testcase classname="ServerAdministration.ServerPermissions" name="verifyPermissionforStorageSettingsinGroup" time="9.832"/>
  <system-out/>
  <testcase classname="ServerAdministration.ServerPermissions" name="verifyPermissionforSysteminGroup" time="10.564"/>
  <system-out/>
  <testcase classname="ServerAdministration.ServerPermissions" name="verifyPermissionforTracesinGroup" time="2.800"/>
  <system-out/>
  <testcase classname="ServerAdministration.ServerPermissions" name="verifyPermissionforEmailTemplateinGroup" time="9.270"/>
  <system-out/>
  <testcase classname="ServerAdministration.ServerPermissions" name="verifyPermissionforServerIncidentsinGroup" time="8.313"/>
  <system-out/>
  <testcase classname="ServerAdministration.ServerPermissions" name="verifyPermissionforBranchinGroup" time="1.665"/>
  <system-out/>
  <testcase classname="ServerAdministration.ServerPermissions" name="verifyViewServerPermissionAgainstPage" time="16.836"/>
  <system-out/>
  <testcase classname="ServerAdministration.ServerPermissions" name="verifyViewServerPermissiondisabled" time="8.998"/>
  <system-out/>
  <testcase classname="ServerAdministration.ServerPermissions" name="ClearPermissionsAfterTest" time="2.216">
    <error message="Unable to locate element: #ctrl_TenantAdmin1_txtUserName
For documentation on this error, please visit: https://selenium.dev/exceptions/#no_such_element
Build info: version: &#039;4.0.0-beta-3&#039;, revision: &#039;5d108f9a67&#039;
System info: host: &#039;DESKTOP-RTH7PMT&#039;, ip: &#039;172.20.12.26&#039;, os.name: &#039;Windows 10&#039;, os.arch: &#039;amd64&#039;, os.version: &#039;10.0&#039;, java.version: &#039;16.0.2&#039;
Driver info: org.openqa.selenium.firefox.FirefoxDriver
Command: [0f89a14f-11a5-484f-a922-a1541fcd5464, findElement {using=id, value=ctrl_TenantAdmin1_txtUserName}]
Capabilities {acceptInsecureCerts: true, browserName: firefox, browserVersion: 91.0.2, javascriptEnabled: true, moz:accessibilityChecks: false, moz:buildID: 20210823123856, moz:debuggerAddress: localhost:50344, moz:geckodriverVersion: 0.29.1, moz:headless: false, moz:processID: 4988, moz:profile: C:\Users\Administrator\AppD..., moz:shutdownTimeout: 60000, moz:useNonSpecCompliantPointerOrigin: false, moz:webdriverClick: true, pageLoadStrategy: normal, platform: WINDOWS, platformName: WINDOWS, platformVersion: 10.0, proxy: Proxy(), se:cdp: ws://localhost:50344/devtoo..., se:cdpVersion: 85, setWindowRect: true, strictFileInteractability: false, timeouts: {implicit: 0, pageLoad: 300000, script: 30000}, unhandledPromptBehavior: dismiss and notify}
Session ID: 0f89a14f-11a5-484f-a922-a1541fcd5464" type="org.openqa.selenium.NoSuchElementException">
      <![CDATA[org.openqa.selenium.NoSuchElementException: Unable to locate element: #ctrl_TenantAdmin1_txtUserName
For documentation on this error, please visit: https://selenium.dev/exceptions/#no_such_element
Build info: version: '4.0.0-beta-3', revision: '5d108f9a67'
System info: host: 'DESKTOP-RTH7PMT', ip: '172.20.12.26', os.name: 'Windows 10', os.arch: 'amd64', os.version: '10.0', java.version: '16.0.2'
Driver info: org.openqa.selenium.firefox.FirefoxDriver
Command: [0f89a14f-11a5-484f-a922-a1541fcd5464, findElement {using=id, value=ctrl_TenantAdmin1_txtUserName}]
Capabilities {acceptInsecureCerts: true, browserName: firefox, browserVersion: 91.0.2, javascriptEnabled: true, moz:accessibilityChecks: false, moz:buildID: 20210823123856, moz:debuggerAddress: localhost:50344, moz:geckodriverVersion: 0.29.1, moz:headless: false, moz:processID: 4988, moz:profile: C:\Users\Administrator\AppD..., moz:shutdownTimeout: 60000, moz:useNonSpecCompliantPointerOrigin: false, moz:webdriverClick: true, pageLoadStrategy: normal, platform: WINDOWS, platformName: WINDOWS, platformVersion: 10.0, proxy: Proxy(), se:cdp: ws://localhost:50344/devtoo..., se:cdpVersion: 85, setWindowRect: true, strictFileInteractability: false, timeouts: {implicit: 0, pageLoad: 300000, script: 30000}, unhandledPromptBehavior: dismiss and notify}
Session ID: 0f89a14f-11a5-484f-a922-a1541fcd5464
at jdk.internal.reflect.GeneratedConstructorAccessor11.newInstance(Unknown Source)
at java.base/jdk.internal.reflect.DelegatingConstructorAccessorImpl.newInstance(DelegatingConstructorAccessorImpl.java:45)
at java.base/java.lang.reflect.Constructor.newInstanceWithCaller(Constructor.java:499)
at java.base/java.lang.reflect.Constructor.newInstance(Constructor.java:480)
at org.openqa.selenium.remote.codec.w3c.W3CHttpResponseCodec.createException(W3CHttpResponseCodec.java:198)
at org.openqa.selenium.remote.codec.w3c.W3CHttpResponseCodec.decode(W3CHttpResponseCodec.java:131)
at org.openqa.selenium.remote.codec.w3c.W3CHttpResponseCodec.decode(W3CHttpResponseCodec.java:52)
at org.openqa.selenium.remote.HttpCommandExecutor.execute(HttpCommandExecutor.java:184)
at org.openqa.selenium.remote.service.DriverCommandExecutor.invokeExecute(DriverCommandExecutor.java:153)
at org.openqa.selenium.remote.service.DriverCommandExecutor.execute(DriverCommandExecutor.java:128)
at org.openqa.selenium.remote.RemoteWebDriver.execute(RemoteWebDriver.java:619)
at org.openqa.selenium.remote.RemoteWebDriver$Mechanism$2.findElement(RemoteWebDriver.java:1258)
at org.openqa.selenium.remote.RemoteWebDriver.findElement(RemoteWebDriver.java:386)
at org.openqa.selenium.remote.RemoteWebDriver.findElement(RemoteWebDriver.java:380)
at Settings.SharedFunctions.loginServerAdmin(SharedFunctions.java:106)
at ServerAdministration.ServerPermissions.ClearPermissionsAfterTest(ServerPermissions.java:2291)
at java.base/jdk.internal.reflect.NativeMethodAccessorImpl.invoke0(Native Method)
at java.base/jdk.internal.reflect.NativeMethodAccessorImpl.invoke(NativeMethodAccessorImpl.java:78)
at java.base/jdk.internal.reflect.DelegatingMethodAccessorImpl.invoke(DelegatingMethodAccessorImpl.java:43)
at java.base/java.lang.reflect.Method.invoke(Method.java:567)
at org.testng.internal.MethodInvocationHelper.invokeMethod(MethodInvocationHelper.java:133)
at org.testng.internal.TestInvoker.invokeMethod(TestInvoker.java:598)
at org.testng.internal.TestInvoker.invokeTestMethod(TestInvoker.java:173)
at org.testng.internal.MethodRunner.runInSequence(MethodRunner.java:46)
at org.testng.internal.TestInvoker$MethodInvocationAgent.invoke(TestInvoker.java:824)
at org.testng.internal.TestInvoker.invokeTestMethods(TestInvoker.java:146)
at org.testng.internal.TestMethodWorker.invokeTestMethods(TestMethodWorker.java:146)
at org.testng.internal.TestMethodWorker.run(TestMethodWorker.java:128)
at java.base/java.util.ArrayList.forEach(ArrayList.java:1511)
at org.testng.TestRunner.privateRun(TestRunner.java:794)
at org.testng.TestRunner.run(TestRunner.java:596)
at org.testng.SuiteRunner.runTest(SuiteRunner.java:377)
at org.testng.SuiteRunner.runSequentially(SuiteRunner.java:371)
at org.testng.SuiteRunner.privateRun(SuiteRunner.java:332)
at org.testng.SuiteRunner.run(SuiteRunner.java:276)
at org.testng.SuiteRunnerWorker.runSuite(SuiteRunnerWorker.java:53)
at org.testng.SuiteRunnerWorker.run(SuiteRunnerWorker.java:96)
at org.testng.TestNG.runSuitesSequentially(TestNG.java:1212)
at org.testng.TestNG.runSuitesLocally(TestNG.java:1134)
at org.testng.TestNG.runSuites(TestNG.java:1063)
at org.testng.TestNG.run(TestNG.java:1031)
at org.testng.remote.AbstractRemoteTestNG.run(AbstractRemoteTestNG.java:115)
at org.testng.remote.RemoteTestNG.initAndRun(RemoteTestNG.java:251)
at org.testng.remote.RemoteTestNG.main(RemoteTestNG.java:77)
]]>
    </error>
  </testcase> <!-- ClearPermissionsAfterTest -->
  <system-out/>
</testsuite> <!-- ServerAdministration.ServerPermissions -->
